<?xml version="1.0" encoding="UTF-8"?>
<TestResult>
	<Timestamp>2002-05-30T09:00:00</Timestamp>
	<FindingNotes>Low levels of TSH in blood, suggests an underactive thyroid, possibly Hypothyroidism.</FindingNotes>
</TestResult>